<?xml version="1.0" encoding="UTF-8"?>
<testsuite xmlns:xsi="http://www.w3.org/2001/XMLSchema-instance" xsi:noNamespaceSchemaLocation="https://maven.apache.org/surefire/maven-failsafe-plugin/xsd/failsafe-test-report-3.0.xsd" version="3.0" name="com.epam.brest.dao.DaoUserJDBCIT" time="1.764" tests="1" errors="1" skipped="0" failures="0">
  <properties>
[...]
</properties>
  <testcase name="findAll" classname="com.epam.brest.dao.DaoUserJDBCIT" time="0.006">
    <error type="org.junit.jupiter.api.extension.ParameterResolutionException"><![CDATA[org.junit.jupiter.api.extension.ParameterResolutionException: Failed to resolve parameter [com.epam.brest.dao.DaoUser arg0] in constructor [public com.epam.brest.dao.DaoUserJDBCIT(com.epam.brest.dao.DaoUser)]: Failed to load ApplicationContext
Caused by: java.lang.IllegalStateException: Failed to load ApplicationContext
Caused by: org.springframework.beans.factory.BeanCreationException: Error creating bean with name 'departmentDao' defined in URL [file:/home/oleg/dev/university/dao/target/test-classes/test-jdbc-conf.xml]: Cannot resolve reference to bean 'jdbcTemplate' while setting constructor argument; nested exception is org.springframework.beans.factory.BeanCreationException: Error creating bean with name 'jdbcTemplate' defined in URL [file:/home/oleg/dev/university/dao/target/test-classes/test-jdbc-conf.xml]: Invocation of init method failed; nested exception is java.lang.IllegalArgumentException: Property 'dataSource' is required
Caused by: org.springframework.beans.factory.BeanCreationException: Error creating bean with name 'jdbcTemplate' defined in URL [file:/home/oleg/dev/university/dao/target/test-classes/test-jdbc-conf.xml]: Invocation of init method failed; nested exception is java.lang.IllegalArgumentException: Property 'dataSource' is required
Caused by: java.lang.IllegalArgumentException: Property 'dataSource' is required
]]></error>
    <system-out><![CDATA[2021-11-14 21:11:24,566 main DEBUG Apache Log4j Core 2.14.1 initializing configuration org.apache.logging.log4j.core.config.properties.PropertiesConfiguration@44d52de2
2021-11-14 21:11:24,571 main DEBUG Installed 1 script engine
2021-11-14 21:11:24,812 main DEBUG Oracle Nashorn version: 11.0.2, language: ECMAScript, threading: Not Thread Safe, compile: true, names: [nashorn, Nashorn, js, JS, JavaScript, javascript, ECMAScript, ecmascript], factory class: jdk.nashorn.api.scripting.NashornScriptEngineFactory
2021-11-14 21:11:24,813 main DEBUG PluginManager 'Core' found 122 plugins
2021-11-14 21:11:24,813 main DEBUG PluginManager 'Level' found 0 plugins
2021-11-14 21:11:24,816 main DEBUG PluginManager 'Lookup' found 16 plugins
2021-11-14 21:11:24,818 main DEBUG Building Plugin[name=AppenderRef, class=org.apache.logging.log4j.core.config.AppenderRef].
2021-11-14 21:11:24,827 main DEBUG PluginManager 'TypeConverter' found 26 plugins
2021-11-14 21:11:24,835 main DEBUG createAppenderRef(ref="STDOUT", level="null", Filter=null)
2021-11-14 21:11:24,836 main DEBUG Building Plugin[name=root, class=org.apache.logging.log4j.core.config.LoggerConfig$RootLogger].
2021-11-14 21:11:24,839 main DEBUG createLogger(additivity="null", level="DEBUG", includeLocation="null", ={STDOUT}, ={}, Configuration(PropertiesConfig), Filter=null)
2021-11-14 21:11:24,841 main DEBUG Building Plugin[name=loggers, class=org.apache.logging.log4j.core.config.LoggersPlugin].
2021-11-14 21:11:24,842 main DEBUG createLoggers(={root})
2021-11-14 21:11:24,843 main DEBUG Building Plugin[name=layout, class=org.apache.logging.log4j.core.layout.PatternLayout].
2021-11-14 21:11:24,848 main DEBUG PatternLayout$Builder(pattern="%d{HH:mm:ss} %-5p %-20.20C{1} %m%n", PatternSelector=null, Configuration(PropertiesConfig), Replace=null, charset="null", alwaysWriteExceptions="null", disableAnsi="null", noConsoleNoAnsi="null", header="null", footer="null")
2021-11-14 21:11:24,848 main DEBUG PluginManager 'Converter' found 44 plugins
2021-11-14 21:11:24,872 main DEBUG Building Plugin[name=appender, class=org.apache.logging.log4j.core.appender.ConsoleAppender].
2021-11-14 21:11:24,883 main DEBUG ConsoleAppender$Builder(target="null", follow="null", direct="null", bufferedIo="null", bufferSize="null", immediateFlush="null", ignoreExceptions="null", PatternLayout(%d{HH:mm:ss} %-5p %-20.20C{1} %m%n), name="STDOUT", Configuration(PropertiesConfig), Filter=null, ={})
2021-11-14 21:11:24,886 main DEBUG Starting OutputStreamManager SYSTEM_OUT.false.false
2021-11-14 21:11:24,887 main DEBUG Building Plugin[name=appenders, class=org.apache.logging.log4j.core.config.AppendersPlugin].
2021-11-14 21:11:24,888 main DEBUG createAppenders(={STDOUT})
2021-11-14 21:11:24,888 main DEBUG Configuration org.apache.logging.log4j.core.config.properties.PropertiesConfiguration@44d52de2 initialized
2021-11-14 21:11:24,889 main DEBUG Starting configuration org.apache.logging.log4j.core.config.properties.PropertiesConfiguration@44d52de2
2021-11-14 21:11:24,889 main DEBUG Started configuration org.apache.logging.log4j.core.config.properties.PropertiesConfiguration@44d52de2 OK.
2021-11-14 21:11:24,890 main DEBUG Shutting down OutputStreamManager SYSTEM_OUT.false.false-1
2021-11-14 21:11:24,891 main DEBUG OutputStream closed
2021-11-14 21:11:24,891 main DEBUG Shut down OutputStreamManager SYSTEM_OUT.false.false-1, all resources released: true
2021-11-14 21:11:24,891 main DEBUG Appender DefaultConsole-1 stopped with status true
2021-11-14 21:11:24,892 main DEBUG Stopped org.apache.logging.log4j.core.config.DefaultConfiguration@75437611 OK
2021-11-14 21:11:24,945 main DEBUG Registering MBean org.apache.logging.log4j2:type=799f7e29
2021-11-14 21:11:24,948 main DEBUG Registering MBean org.apache.logging.log4j2:type=799f7e29,component=StatusLogger
2021-11-14 21:11:24,949 main DEBUG Registering MBean org.apache.logging.log4j2:type=799f7e29,component=ContextSelector
2021-11-14 21:11:24,951 main DEBUG Registering MBean org.apache.logging.log4j2:type=799f7e29,component=Loggers,name=
2021-11-14 21:11:24,952 main DEBUG Registering MBean org.apache.logging.log4j2:type=799f7e29,component=Appenders,name=STDOUT
2021-11-14 21:11:24,954 main DEBUG org.apache.logging.log4j.core.util.SystemClock supports precise timestamps.
2021-11-14 21:11:24,955 main DEBUG Reconfiguration complete for context[name=799f7e29] at URI /home/oleg/dev/university/dao/target/test-classes/log4j2-test.properties (org.apache.logging.log4j.core.LoggerContext@5be067de) with optional ClassLoader: null
2021-11-14 21:11:24,955 main DEBUG Shutdown hook enabled. Registering a new one.
2021-11-14 21:11:24,956 main DEBUG LoggerContext[name=799f7e29, org.apache.logging.log4j.core.LoggerContext@5be067de] started OK.
21:11:24 DEBUG BootstrapUtils       Instantiating CacheAwareContextLoaderDelegate from class [org.springframework.test.context.cache.DefaultCacheAwareContextLoaderDelegate]
21:11:24 DEBUG BootstrapUtils       Instantiating BootstrapContext using constructor [public org.springframework.test.context.support.DefaultBootstrapContext(java.lang.Class,org.springframework.test.context.CacheAwareContextLoaderDelegate)]
21:11:24 DEBUG BootstrapUtils       Instantiating TestContextBootstrapper for test class [com.epam.brest.dao.DaoUserJDBCIT] from class [org.springframework.test.context.support.DefaultTestContextBootstrapper]
21:11:25 DEBUG ngSmartContextLoader Delegating to GenericXmlContextLoader to process context configuration [ContextConfigurationAttributes@4816c290 declaringClass = 'com.epam.brest.dao.DaoUserJDBCIT', classes = '{}', locations = '{classpath*:test-db.xml, classpath*:test-jdbc-conf.xml}', inheritLocations = true, initializers = '{}', inheritInitializers = true, name = [null], contextLoaderClass = 'org.springframework.test.context.ContextLoader'].
21:11:25 DEBUG ActiveProfilesUtils  Could not find an 'annotation declaring class' for annotation type [org.springframework.test.context.ActiveProfiles] and class [com.epam.brest.dao.DaoUserJDBCIT]
21:11:25 DEBUG tContextBootstrapper @TestExecutionListeners is not present for class [com.epam.brest.dao.DaoUserJDBCIT]: using defaults.
21:11:25 INFO  tContextBootstrapper Loaded default TestExecutionListener class names from location [META-INF/spring.factories]: [org.springframework.test.context.web.ServletTestExecutionListener, org.springframework.test.context.support.DirtiesContextBeforeModesTestExecutionListener, org.springframework.test.context.event.ApplicationEventsTestExecutionListener, org.springframework.test.context.support.DependencyInjectionTestExecutionListener, org.springframework.test.context.support.DirtiesContextTestExecutionListener, org.springframework.test.context.transaction.TransactionalTestExecutionListener, org.springframework.test.context.jdbc.SqlScriptsTestExecutionListener, org.springframework.test.context.event.EventPublishingTestExecutionListener]
21:11:25 DEBUG tContextBootstrapper Skipping candidate TestExecutionListener [org.springframework.test.context.web.ServletTestExecutionListener] due to a missing dependency. Specify custom listener classes or make the default listener classes and their required dependencies available. Offending class: [javax/servlet/ServletContext]
21:11:25 INFO  tContextBootstrapper Using TestExecutionListeners: [org.springframework.test.context.support.DirtiesContextBeforeModesTestExecutionListener@287f94b1, org.springframework.test.context.event.ApplicationEventsTestExecutionListener@30b34287, org.springframework.test.context.support.DependencyInjectionTestExecutionListener@5489c777, org.springframework.test.context.support.DirtiesContextTestExecutionListener@3676ac27, org.springframework.test.context.transaction.TransactionalTestExecutionListener@62f87c44, org.springframework.test.context.jdbc.SqlScriptsTestExecutionListener@48f5bde6, org.springframework.test.context.event.EventPublishingTestExecutionListener@525d79f0]
21:11:25 DEBUG estExecutionListener Before test class: context [DefaultTestContext@5707c1cb testClass = DaoUserJDBCIT, testInstance = [null], testMethod = [null], testException = [null], mergedContextConfiguration = [MergedContextConfiguration@2b5cb9b2 testClass = DaoUserJDBCIT, locations = '{classpath*:test-db.xml, classpath*:test-jdbc-conf.xml}', classes = '{}', contextInitializerClasses = '[]', activeProfiles = '{}', propertySourceLocations = '{}', propertySourceProperties = '{}', contextCustomizers = set[[empty]], contextLoader = 'org.springframework.test.context.support.DelegatingSmartContextLoader', parent = [null]], attributes = map[[empty]]], class annotated with @DirtiesContext [false] with mode [null].
21:11:25 DEBUG ngSmartContextLoader Delegating to GenericXmlContextLoader to load context from [MergedContextConfiguration@2b5cb9b2 testClass = DaoUserJDBCIT, locations = '{classpath*:test-db.xml, classpath*:test-jdbc-conf.xml}', classes = '{}', contextInitializerClasses = '[]', activeProfiles = '{}', propertySourceLocations = '{}', propertySourceProperties = '{}', contextCustomizers = set[[empty]], contextLoader = 'org.springframework.test.context.support.DelegatingSmartContextLoader', parent = [null]].
21:11:25 DEBUG GenericContextLoader Loading ApplicationContext for merged context configuration [[MergedContextConfiguration@2b5cb9b2 testClass = DaoUserJDBCIT, locations = '{classpath*:test-db.xml, classpath*:test-jdbc-conf.xml}', classes = '{}', contextInitializerClasses = '[]', activeProfiles = '{}', propertySourceLocations = '{}', propertySourceProperties = '{}', contextCustomizers = set[[empty]], contextLoader = 'org.springframework.test.context.support.DelegatingSmartContextLoader', parent = [null]]].
21:11:25 DEBUG AbstractEnvironment  Activating profiles []
21:11:25 DEBUG BeanDefinitionReader Loaded 3 bean definitions from URL [jar:file:/home/oleg/dev/university/test-db/target/test-db-1.0-SNAPSHOT.jar!/test-db.xml]
21:11:25 DEBUG BeanDefinitionReader Loaded 2 bean definitions from URL [file:/home/oleg/dev/university/dao/target/test-classes/test-jdbc-conf.xml]
21:11:25 DEBUG ctApplicationContext Refreshing org.springframework.context.support.GenericApplicationContext@6cc0bcf6
21:11:25 DEBUG ingletonBeanRegistry Creating shared instance of singleton bean 'org.springframework.context.annotation.internalConfigurationAnnotationProcessor'
21:11:25 DEBUG ingletonBeanRegistry Creating shared instance of singleton bean 'org.springframework.context.event.internalEventListenerProcessor'
21:11:25 DEBUG ingletonBeanRegistry Creating shared instance of singleton bean 'org.springframework.context.event.internalEventListenerFactory'
21:11:25 DEBUG ingletonBeanRegistry Creating shared instance of singleton bean 'org.springframework.context.annotation.internalAutowiredAnnotationProcessor'
21:11:25 DEBUG ingletonBeanRegistry Creating shared instance of singleton bean 'dataSource'
21:11:25 DEBUG verManagerDataSource Loaded JDBC driver: org.h2.Driver
21:11:25 DEBUG ingletonBeanRegistry Creating shared instance of singleton bean 'transactionManager'
21:11:25 DEBUG ingletonBeanRegistry Creating shared instance of singleton bean 'org.springframework.jdbc.datasource.init.DataSourceInitializer#0'
21:11:25 DEBUG DataSourceUtils      Fetching JDBC Connection from DataSource
21:11:25 DEBUG verManagerDataSource Creating new JDBC DriverManager Connection to [jdbc:h2:mem:test-db;MODE=MySQL;DB_CLOSE_DELAY=-1]
21:11:25 DEBUG ScriptUtils          Executing SQL script from URL [jar:file:/home/oleg/dev/university/test-db/target/test-db-1.0-SNAPSHOT.jar!/create-db.sql]
21:11:25 DEBUG ScriptUtils          0 returned as update count for SQL: DROP TABLE IF EXISTS employee
21:11:25 DEBUG ScriptUtils          0 returned as update count for SQL: DROP TABLE IF EXISTS department
21:11:25 DEBUG ScriptUtils          0 returned as update count for SQL: CREATE TABLE user ( id int NOT NULL auto_increment, name varchar(50) NOT NULL UNIQUE, login varchar(50) NOT NULL UNIQUE, password varchar(50) NOT NULL, email varchar(50) NOT NULL , PRIMARY KEY (id) )
21:11:25 DEBUG ScriptUtils          Executed SQL script from URL [jar:file:/home/oleg/dev/university/test-db/target/test-db-1.0-SNAPSHOT.jar!/create-db.sql] in 33 ms.
21:11:25 DEBUG ScriptUtils          Executing SQL script from URL [jar:file:/home/oleg/dev/university/test-db/target/test-db-1.0-SNAPSHOT.jar!/init-db.sql]
21:11:25 DEBUG ScriptUtils          1 returned as update count for SQL: INSERT INTO user (id,name,login,password,email ) VALUES ( 1, 'Mike','mike','1111','a@mail.ru' )
21:11:25 DEBUG ScriptUtils          Executed SQL script from URL [jar:file:/home/oleg/dev/university/test-db/target/test-db-1.0-SNAPSHOT.jar!/init-db.sql] in 3 ms.
21:11:25 DEBUG ingletonBeanRegistry Creating shared instance of singleton bean 'departmentDao'
21:11:25 DEBUG ingletonBeanRegistry Creating shared instance of singleton bean 'jdbcTemplate'
21:11:25 WARN  ctApplicationContext Exception encountered during context initialization - cancelling refresh attempt: org.springframework.beans.factory.BeanCreationException: Error creating bean with name 'departmentDao' defined in URL [file:/home/oleg/dev/university/dao/target/test-classes/test-jdbc-conf.xml]: Cannot resolve reference to bean 'jdbcTemplate' while setting constructor argument; nested exception is org.springframework.beans.factory.BeanCreationException: Error creating bean with name 'jdbcTemplate' defined in URL [file:/home/oleg/dev/university/dao/target/test-classes/test-jdbc-conf.xml]: Invocation of init method failed; nested exception is java.lang.IllegalArgumentException: Property 'dataSource' is required
21:11:25 DEBUG DataSourceUtils      Fetching JDBC Connection from DataSource
21:11:25 DEBUG verManagerDataSource Creating new JDBC DriverManager Connection to [jdbc:h2:mem:test-db;MODE=MySQL;DB_CLOSE_DELAY=-1]
]]></system-out>
    <system-err><![CDATA[Warning: Nashorn engine is planned to be removed from a future JDK release
]]></system-err>
  </testcase>
</testsuite>