<?xml version="1.0" encoding="UTF-8"?>
<testsuite xmlns:xsi="http://www.w3.org/2001/XMLSchema-instance" xsi:noNamespaceSchemaLocation="https://maven.apache.org/surefire/maven-failsafe-plugin/xsd/failsafe-test-report-3.0.xsd" version="3.0" name="com.epam.brest.dao.DaoUserJDBCIT" time="0.333" tests="5" errors="0" skipped="0" failures="0">
  <properties>
[...]
</properties>
  <testcase name="insert" classname="com.epam.brest.dao.DaoUserJDBCIT" time="0.077">
    <system-out><![CDATA[20:06:27 DEBUG BootstrapUtils       Instantiating CacheAwareContextLoaderDelegate from class [org.springframework.test.context.cache.DefaultCacheAwareContextLoaderDelegate]
20:06:27 DEBUG BootstrapUtils       Instantiating BootstrapContext using constructor [public org.springframework.test.context.support.DefaultBootstrapContext(java.lang.Class,org.springframework.test.context.CacheAwareContextLoaderDelegate)]
20:06:27 DEBUG BootstrapUtils       Instantiating TestContextBootstrapper for test class [com.epam.brest.dao.DaoUserJDBCIT] from class [org.springframework.test.context.support.DefaultTestContextBootstrapper]
20:06:27 DEBUG ngSmartContextLoader Delegating to GenericXmlContextLoader to process context configuration [ContextConfigurationAttributes@35f639fa declaringClass = 'com.epam.brest.dao.DaoUserJDBCIT', classes = '{}', locations = '{classpath*:test-db.xml, classpath*:test-jdbc-conf.xml}', inheritLocations = true, initializers = '{}', inheritInitializers = true, name = [null], contextLoaderClass = 'org.springframework.test.context.ContextLoader'].
20:06:27 DEBUG ActiveProfilesUtils  Could not find an 'annotation declaring class' for annotation type [org.springframework.test.context.ActiveProfiles] and class [com.epam.brest.dao.DaoUserJDBCIT]
20:06:27 DEBUG tContextBootstrapper @TestExecutionListeners is not present for class [com.epam.brest.dao.DaoUserJDBCIT]: using defaults.
20:06:27 INFO  tContextBootstrapper Loaded default TestExecutionListener class names from location [META-INF/spring.factories]: [org.springframework.test.context.web.ServletTestExecutionListener, org.springframework.test.context.support.DirtiesContextBeforeModesTestExecutionListener, org.springframework.test.context.event.ApplicationEventsTestExecutionListener, org.springframework.test.context.support.DependencyInjectionTestExecutionListener, org.springframework.test.context.support.DirtiesContextTestExecutionListener, org.springframework.test.context.transaction.TransactionalTestExecutionListener, org.springframework.test.context.jdbc.SqlScriptsTestExecutionListener, org.springframework.test.context.event.EventPublishingTestExecutionListener]
20:06:27 DEBUG tContextBootstrapper Skipping candidate TestExecutionListener [org.springframework.test.context.web.ServletTestExecutionListener] due to a missing dependency. Specify custom listener classes or make the default listener classes and their required dependencies available. Offending class: [javax/servlet/ServletContext]
20:06:27 INFO  tContextBootstrapper Using TestExecutionListeners: [org.springframework.test.context.support.DirtiesContextBeforeModesTestExecutionListener@5aaaa446, org.springframework.test.context.event.ApplicationEventsTestExecutionListener@6c6333cd, org.springframework.test.context.support.DependencyInjectionTestExecutionListener@3e47a03, org.springframework.test.context.support.DirtiesContextTestExecutionListener@7d9ba6c, org.springframework.test.context.transaction.TransactionalTestExecutionListener@8deb645, org.springframework.test.context.jdbc.SqlScriptsTestExecutionListener@7dd611c8, org.springframework.test.context.event.EventPublishingTestExecutionListener@5d425813]
20:06:27 DEBUG estExecutionListener Before test class: context [DefaultTestContext@1702830d testClass = DaoUserJDBCIT, testInstance = [null], testMethod = [null], testException = [null], mergedContextConfiguration = [MergedContextConfiguration@6a937336 testClass = DaoUserJDBCIT, locations = '{classpath*:test-db.xml, classpath*:test-jdbc-conf.xml}', classes = '{}', contextInitializerClasses = '[]', activeProfiles = '{}', propertySourceLocations = '{}', propertySourceProperties = '{}', contextCustomizers = set[[empty]], contextLoader = 'org.springframework.test.context.support.DelegatingSmartContextLoader', parent = [null]], attributes = map[[empty]]], class annotated with @DirtiesContext [false] with mode [null].
20:06:27 DEBUG ontextLoaderDelegate Retrieved ApplicationContext [758465579] from cache with key [[MergedContextConfiguration@6a937336 testClass = DaoUserJDBCIT, locations = '{classpath*:test-db.xml, classpath*:test-jdbc-conf.xml}', classes = '{}', contextInitializerClasses = '[]', activeProfiles = '{}', propertySourceLocations = '{}', propertySourceProperties = '{}', contextCustomizers = set[[empty]], contextLoader = 'org.springframework.test.context.support.DelegatingSmartContextLoader', parent = [null]]]
20:06:27 DEBUG DefaultContextCache  Spring test ApplicationContext cache statistics: [DefaultContextCache@3f049056 size = 1, maxSize = 32, parentContextCount = 0, hitCount = 9, missCount = 1]
20:06:27 DEBUG ontextLoaderDelegate Retrieved ApplicationContext [758465579] from cache with key [[MergedContextConfiguration@6a937336 testClass = DaoUserJDBCIT, locations = '{classpath*:test-db.xml, classpath*:test-jdbc-conf.xml}', classes = '{}', contextInitializerClasses = '[]', activeProfiles = '{}', propertySourceLocations = '{}', propertySourceProperties = '{}', contextCustomizers = set[[empty]], contextLoader = 'org.springframework.test.context.support.DelegatingSmartContextLoader', parent = [null]]]
20:06:27 DEBUG DefaultContextCache  Spring test ApplicationContext cache statistics: [DefaultContextCache@3f049056 size = 1, maxSize = 32, parentContextCount = 0, hitCount = 10, missCount = 1]
20:06:27 DEBUG estExecutionListener Performing dependency injection for test context [[DefaultTestContext@1702830d testClass = DaoUserJDBCIT, testInstance = com.epam.brest.dao.DaoUserJDBCIT@1a2909ae, testMethod = [null], testException = [null], mergedContextConfiguration = [MergedContextConfiguration@6a937336 testClass = DaoUserJDBCIT, locations = '{classpath*:test-db.xml, classpath*:test-jdbc-conf.xml}', classes = '{}', contextInitializerClasses = '[]', activeProfiles = '{}', propertySourceLocations = '{}', propertySourceProperties = '{}', contextCustomizers = set[[empty]], contextLoader = 'org.springframework.test.context.support.DelegatingSmartContextLoader', parent = [null]], attributes = map['org.springframework.test.context.event.ApplicationEventsTestExecutionListener.recordApplicationEvents' -> false]]].
20:06:27 DEBUG ontextLoaderDelegate Retrieved ApplicationContext [758465579] from cache with key [[MergedContextConfiguration@6a937336 testClass = DaoUserJDBCIT, locations = '{classpath*:test-db.xml, classpath*:test-jdbc-conf.xml}', classes = '{}', contextInitializerClasses = '[]', activeProfiles = '{}', propertySourceLocations = '{}', propertySourceProperties = '{}', contextCustomizers = set[[empty]], contextLoader = 'org.springframework.test.context.support.DelegatingSmartContextLoader', parent = [null]]]
20:06:27 DEBUG DefaultContextCache  Spring test ApplicationContext cache statistics: [DefaultContextCache@3f049056 size = 1, maxSize = 32, parentContextCount = 0, hitCount = 11, missCount = 1]
20:06:27 DEBUG ontextLoaderDelegate Retrieved ApplicationContext [758465579] from cache with key [[MergedContextConfiguration@6a937336 testClass = DaoUserJDBCIT, locations = '{classpath*:test-db.xml, classpath*:test-jdbc-conf.xml}', classes = '{}', contextInitializerClasses = '[]', activeProfiles = '{}', propertySourceLocations = '{}', propertySourceProperties = '{}', contextCustomizers = set[[empty]], contextLoader = 'org.springframework.test.context.support.DelegatingSmartContextLoader', parent = [null]]]
20:06:27 DEBUG DefaultContextCache  Spring test ApplicationContext cache statistics: [DefaultContextCache@3f049056 size = 1, maxSize = 32, parentContextCount = 0, hitCount = 12, missCount = 1]
20:06:27 DEBUG estExecutionListener Before test method: context [DefaultTestContext@1702830d testClass = DaoUserJDBCIT, testInstance = com.epam.brest.dao.DaoUserJDBCIT@1a2909ae, testMethod = insert@DaoUserJDBCIT, testException = [null], mergedContextConfiguration = [MergedContextConfiguration@6a937336 testClass = DaoUserJDBCIT, locations = '{classpath*:test-db.xml, classpath*:test-jdbc-conf.xml}', classes = '{}', contextInitializerClasses = '[]', activeProfiles = '{}', propertySourceLocations = '{}', propertySourceProperties = '{}', contextCustomizers = set[[empty]], contextLoader = 'org.springframework.test.context.support.DelegatingSmartContextLoader', parent = [null]], attributes = map['org.springframework.test.context.event.ApplicationEventsTestExecutionListener.recordApplicationEvents' -> false]], class annotated with @DirtiesContext [false] with mode [null], method annotated with @DirtiesContext [false] with mode [null].
20:06:27 DEBUG estExecutionListener Explicit transaction definition [PROPAGATION_REQUIRED,ISOLATION_DEFAULT] found for test context [DefaultTestContext@1702830d testClass = DaoUserJDBCIT, testInstance = com.epam.brest.dao.DaoUserJDBCIT@1a2909ae, testMethod = insert@DaoUserJDBCIT, testException = [null], mergedContextConfiguration = [MergedContextConfiguration@6a937336 testClass = DaoUserJDBCIT, locations = '{classpath*:test-db.xml, classpath*:test-jdbc-conf.xml}', classes = '{}', contextInitializerClasses = '[]', activeProfiles = '{}', propertySourceLocations = '{}', propertySourceProperties = '{}', contextCustomizers = set[[empty]], contextLoader = 'org.springframework.test.context.support.DelegatingSmartContextLoader', parent = [null]], attributes = map['org.springframework.test.context.event.ApplicationEventsTestExecutionListener.recordApplicationEvents' -> false]]
20:06:27 DEBUG ontextLoaderDelegate Retrieved ApplicationContext [758465579] from cache with key [[MergedContextConfiguration@6a937336 testClass = DaoUserJDBCIT, locations = '{classpath*:test-db.xml, classpath*:test-jdbc-conf.xml}', classes = '{}', contextInitializerClasses = '[]', activeProfiles = '{}', propertySourceLocations = '{}', propertySourceProperties = '{}', contextCustomizers = set[[empty]], contextLoader = 'org.springframework.test.context.support.DelegatingSmartContextLoader', parent = [null]]]
20:06:27 DEBUG DefaultContextCache  Spring test ApplicationContext cache statistics: [DefaultContextCache@3f049056 size = 1, maxSize = 32, parentContextCount = 0, hitCount = 13, missCount = 1]
20:06:27 DEBUG estExecutionListener No method-level @Rollback override: using default rollback [true] for test context [DefaultTestContext@1702830d testClass = DaoUserJDBCIT, testInstance = com.epam.brest.dao.DaoUserJDBCIT@1a2909ae, testMethod = insert@DaoUserJDBCIT, testException = [null], mergedContextConfiguration = [MergedContextConfiguration@6a937336 testClass = DaoUserJDBCIT, locations = '{classpath*:test-db.xml, classpath*:test-jdbc-conf.xml}', classes = '{}', contextInitializerClasses = '[]', activeProfiles = '{}', propertySourceLocations = '{}', propertySourceProperties = '{}', contextCustomizers = set[[empty]], contextLoader = 'org.springframework.test.context.support.DelegatingSmartContextLoader', parent = [null]], attributes = map['org.springframework.test.context.event.ApplicationEventsTestExecutionListener.recordApplicationEvents' -> false]].
20:06:27 DEBUG rmTransactionManager Creating new transaction with name [com.epam.brest.dao.DaoUserJDBCIT.insert]: PROPAGATION_REQUIRED,ISOLATION_DEFAULT
20:06:27 DEBUG verManagerDataSource Creating new JDBC DriverManager Connection to [jdbc:h2:mem:test-db;MODE=MySQL;DB_CLOSE_DELAY=-1]
20:06:27 DEBUG ceTransactionManager Acquired Connection [conn2: url=jdbc:h2:mem:test-db user=SA] for JDBC transaction
20:06:27 DEBUG ceTransactionManager Switching JDBC Connection [conn2: url=jdbc:h2:mem:test-db user=SA] to manual commit
20:06:27 INFO  TransactionContext   Began transaction (1) for test context [DefaultTestContext@1702830d testClass = DaoUserJDBCIT, testInstance = com.epam.brest.dao.DaoUserJDBCIT@1a2909ae, testMethod = insert@DaoUserJDBCIT, testException = [null], mergedContextConfiguration = [MergedContextConfiguration@6a937336 testClass = DaoUserJDBCIT, locations = '{classpath*:test-db.xml, classpath*:test-jdbc-conf.xml}', classes = '{}', contextInitializerClasses = '[]', activeProfiles = '{}', propertySourceLocations = '{}', propertySourceProperties = '{}', contextCustomizers = set[[empty]], contextLoader = 'org.springframework.test.context.support.DelegatingSmartContextLoader', parent = [null]], attributes = map['org.springframework.test.context.event.ApplicationEventsTestExecutionListener.recordApplicationEvents' -> false]]; transaction manager [org.springframework.jdbc.datasource.DataSourceTransactionManager@18acfe88]; rollback [true]
20:06:27 DEBUG ontextLoaderDelegate Retrieved ApplicationContext [758465579] from cache with key [[MergedContextConfiguration@6a937336 testClass = DaoUserJDBCIT, locations = '{classpath*:test-db.xml, classpath*:test-jdbc-conf.xml}', classes = '{}', contextInitializerClasses = '[]', activeProfiles = '{}', propertySourceLocations = '{}', propertySourceProperties = '{}', contextCustomizers = set[[empty]], contextLoader = 'org.springframework.test.context.support.DelegatingSmartContextLoader', parent = [null]]]
20:06:27 DEBUG DefaultContextCache  Spring test ApplicationContext cache statistics: [DefaultContextCache@3f049056 size = 1, maxSize = 32, parentContextCount = 0, hitCount = 14, missCount = 1]
20:06:27 DEBUG ontextLoaderDelegate Retrieved ApplicationContext [758465579] from cache with key [[MergedContextConfiguration@6a937336 testClass = DaoUserJDBCIT, locations = '{classpath*:test-db.xml, classpath*:test-jdbc-conf.xml}', classes = '{}', contextInitializerClasses = '[]', activeProfiles = '{}', propertySourceLocations = '{}', propertySourceProperties = '{}', contextCustomizers = set[[empty]], contextLoader = 'org.springframework.test.context.support.DelegatingSmartContextLoader', parent = [null]]]
20:06:27 DEBUG DefaultContextCache  Spring test ApplicationContext cache statistics: [DefaultContextCache@3f049056 size = 1, maxSize = 32, parentContextCount = 0, hitCount = 15, missCount = 1]
20:06:27 DEBUG DaoUserJDBCIT        Execute test: write()
20:06:27 DEBUG JdbcTemplate         Executing SQL update and returning generated keys
20:06:27 DEBUG JdbcTemplate         Executing prepared SQL statement [insert into user(name,login,password,email) values(?, ?, ?, ?)]
20:06:27 DEBUG JdbcTemplate         Executing prepared SQL query
20:06:27 DEBUG JdbcTemplate         Executing prepared SQL statement [select d.id, d.name, d.login, d.password, d.email from user d order by d.name]
20:06:27 DEBUG ontextLoaderDelegate Retrieved ApplicationContext [758465579] from cache with key [[MergedContextConfiguration@6a937336 testClass = DaoUserJDBCIT, locations = '{classpath*:test-db.xml, classpath*:test-jdbc-conf.xml}', classes = '{}', contextInitializerClasses = '[]', activeProfiles = '{}', propertySourceLocations = '{}', propertySourceProperties = '{}', contextCustomizers = set[[empty]], contextLoader = 'org.springframework.test.context.support.DelegatingSmartContextLoader', parent = [null]]]
20:06:27 DEBUG DefaultContextCache  Spring test ApplicationContext cache statistics: [DefaultContextCache@3f049056 size = 1, maxSize = 32, parentContextCount = 0, hitCount = 16, missCount = 1]
20:06:27 DEBUG ontextLoaderDelegate Retrieved ApplicationContext [758465579] from cache with key [[MergedContextConfiguration@6a937336 testClass = DaoUserJDBCIT, locations = '{classpath*:test-db.xml, classpath*:test-jdbc-conf.xml}', classes = '{}', contextInitializerClasses = '[]', activeProfiles = '{}', propertySourceLocations = '{}', propertySourceProperties = '{}', contextCustomizers = set[[empty]], contextLoader = 'org.springframework.test.context.support.DelegatingSmartContextLoader', parent = [null]]]
20:06:27 DEBUG DefaultContextCache  Spring test ApplicationContext cache statistics: [DefaultContextCache@3f049056 size = 1, maxSize = 32, parentContextCount = 0, hitCount = 17, missCount = 1]
20:06:27 DEBUG rmTransactionManager Initiating transaction rollback
20:06:27 DEBUG ceTransactionManager Rolling back JDBC transaction on Connection [conn2: url=jdbc:h2:mem:test-db user=SA]
20:06:27 DEBUG ceTransactionManager Releasing JDBC Connection [conn2: url=jdbc:h2:mem:test-db user=SA] after transaction
20:06:27 INFO  TransactionContext   Rolled back transaction for test: [DefaultTestContext@1702830d testClass = DaoUserJDBCIT, testInstance = com.epam.brest.dao.DaoUserJDBCIT@1a2909ae, testMethod = insert@DaoUserJDBCIT, testException = [null], mergedContextConfiguration = [MergedContextConfiguration@6a937336 testClass = DaoUserJDBCIT, locations = '{classpath*:test-db.xml, classpath*:test-jdbc-conf.xml}', classes = '{}', contextInitializerClasses = '[]', activeProfiles = '{}', propertySourceLocations = '{}', propertySourceProperties = '{}', contextCustomizers = set[[empty]], contextLoader = 'org.springframework.test.context.support.DelegatingSmartContextLoader', parent = [null]], attributes = map['org.springframework.test.context.event.ApplicationEventsTestExecutionListener.recordApplicationEvents' -> false]]
20:06:27 DEBUG estExecutionListener After test method: context [DefaultTestContext@1702830d testClass = DaoUserJDBCIT, testInstance = com.epam.brest.dao.DaoUserJDBCIT@1a2909ae, testMethod = insert@DaoUserJDBCIT, testException = [null], mergedContextConfiguration = [MergedContextConfiguration@6a937336 testClass = DaoUserJDBCIT, locations = '{classpath*:test-db.xml, classpath*:test-jdbc-conf.xml}', classes = '{}', contextInitializerClasses = '[]', activeProfiles = '{}', propertySourceLocations = '{}', propertySourceProperties = '{}', contextCustomizers = set[[empty]], contextLoader = 'org.springframework.test.context.support.DelegatingSmartContextLoader', parent = [null]], attributes = map['org.springframework.test.context.event.ApplicationEventsTestExecutionListener.recordApplicationEvents' -> false]], class annotated with @DirtiesContext [false] with mode [null], method annotated with @DirtiesContext [false] with mode [null].
]]></system-out>
  </testcase>
  <testcase name="testRead" classname="com.epam.brest.dao.DaoUserJDBCIT" time="0.052">
    <system-out><![CDATA[20:06:27 DEBUG ontextLoaderDelegate Retrieved ApplicationContext [758465579] from cache with key [[MergedContextConfiguration@6a937336 testClass = DaoUserJDBCIT, locations = '{classpath*:test-db.xml, classpath*:test-jdbc-conf.xml}', classes = '{}', contextInitializerClasses = '[]', activeProfiles = '{}', propertySourceLocations = '{}', propertySourceProperties = '{}', contextCustomizers = set[[empty]], contextLoader = 'org.springframework.test.context.support.DelegatingSmartContextLoader', parent = [null]]]
20:06:27 DEBUG DefaultContextCache  Spring test ApplicationContext cache statistics: [DefaultContextCache@3f049056 size = 1, maxSize = 32, parentContextCount = 0, hitCount = 18, missCount = 1]
20:06:27 DEBUG estExecutionListener Performing dependency injection for test context [[DefaultTestContext@1702830d testClass = DaoUserJDBCIT, testInstance = com.epam.brest.dao.DaoUserJDBCIT@245ec1a6, testMethod = [null], testException = [null], mergedContextConfiguration = [MergedContextConfiguration@6a937336 testClass = DaoUserJDBCIT, locations = '{classpath*:test-db.xml, classpath*:test-jdbc-conf.xml}', classes = '{}', contextInitializerClasses = '[]', activeProfiles = '{}', propertySourceLocations = '{}', propertySourceProperties = '{}', contextCustomizers = set[[empty]], contextLoader = 'org.springframework.test.context.support.DelegatingSmartContextLoader', parent = [null]], attributes = map['org.springframework.test.context.event.ApplicationEventsTestExecutionListener.recordApplicationEvents' -> false]]].
20:06:27 DEBUG ontextLoaderDelegate Retrieved ApplicationContext [758465579] from cache with key [[MergedContextConfiguration@6a937336 testClass = DaoUserJDBCIT, locations = '{classpath*:test-db.xml, classpath*:test-jdbc-conf.xml}', classes = '{}', contextInitializerClasses = '[]', activeProfiles = '{}', propertySourceLocations = '{}', propertySourceProperties = '{}', contextCustomizers = set[[empty]], contextLoader = 'org.springframework.test.context.support.DelegatingSmartContextLoader', parent = [null]]]
20:06:27 DEBUG DefaultContextCache  Spring test ApplicationContext cache statistics: [DefaultContextCache@3f049056 size = 1, maxSize = 32, parentContextCount = 0, hitCount = 19, missCount = 1]
20:06:27 DEBUG ontextLoaderDelegate Retrieved ApplicationContext [758465579] from cache with key [[MergedContextConfiguration@6a937336 testClass = DaoUserJDBCIT, locations = '{classpath*:test-db.xml, classpath*:test-jdbc-conf.xml}', classes = '{}', contextInitializerClasses = '[]', activeProfiles = '{}', propertySourceLocations = '{}', propertySourceProperties = '{}', contextCustomizers = set[[empty]], contextLoader = 'org.springframework.test.context.support.DelegatingSmartContextLoader', parent = [null]]]
20:06:27 DEBUG DefaultContextCache  Spring test ApplicationContext cache statistics: [DefaultContextCache@3f049056 size = 1, maxSize = 32, parentContextCount = 0, hitCount = 20, missCount = 1]
20:06:27 DEBUG estExecutionListener Before test method: context [DefaultTestContext@1702830d testClass = DaoUserJDBCIT, testInstance = com.epam.brest.dao.DaoUserJDBCIT@245ec1a6, testMethod = testRead@DaoUserJDBCIT, testException = [null], mergedContextConfiguration = [MergedContextConfiguration@6a937336 testClass = DaoUserJDBCIT, locations = '{classpath*:test-db.xml, classpath*:test-jdbc-conf.xml}', classes = '{}', contextInitializerClasses = '[]', activeProfiles = '{}', propertySourceLocations = '{}', propertySourceProperties = '{}', contextCustomizers = set[[empty]], contextLoader = 'org.springframework.test.context.support.DelegatingSmartContextLoader', parent = [null]], attributes = map['org.springframework.test.context.event.ApplicationEventsTestExecutionListener.recordApplicationEvents' -> false]], class annotated with @DirtiesContext [false] with mode [null], method annotated with @DirtiesContext [false] with mode [null].
20:06:27 DEBUG estExecutionListener Explicit transaction definition [PROPAGATION_REQUIRED,ISOLATION_DEFAULT] found for test context [DefaultTestContext@1702830d testClass = DaoUserJDBCIT, testInstance = com.epam.brest.dao.DaoUserJDBCIT@245ec1a6, testMethod = testRead@DaoUserJDBCIT, testException = [null], mergedContextConfiguration = [MergedContextConfiguration@6a937336 testClass = DaoUserJDBCIT, locations = '{classpath*:test-db.xml, classpath*:test-jdbc-conf.xml}', classes = '{}', contextInitializerClasses = '[]', activeProfiles = '{}', propertySourceLocations = '{}', propertySourceProperties = '{}', contextCustomizers = set[[empty]], contextLoader = 'org.springframework.test.context.support.DelegatingSmartContextLoader', parent = [null]], attributes = map['org.springframework.test.context.event.ApplicationEventsTestExecutionListener.recordApplicationEvents' -> false]]
20:06:27 DEBUG ontextLoaderDelegate Retrieved ApplicationContext [758465579] from cache with key [[MergedContextConfiguration@6a937336 testClass = DaoUserJDBCIT, locations = '{classpath*:test-db.xml, classpath*:test-jdbc-conf.xml}', classes = '{}', contextInitializerClasses = '[]', activeProfiles = '{}', propertySourceLocations = '{}', propertySourceProperties = '{}', contextCustomizers = set[[empty]], contextLoader = 'org.springframework.test.context.support.DelegatingSmartContextLoader', parent = [null]]]
20:06:27 DEBUG DefaultContextCache  Spring test ApplicationContext cache statistics: [DefaultContextCache@3f049056 size = 1, maxSize = 32, parentContextCount = 0, hitCount = 21, missCount = 1]
20:06:27 DEBUG estExecutionListener No method-level @Rollback override: using default rollback [true] for test context [DefaultTestContext@1702830d testClass = DaoUserJDBCIT, testInstance = com.epam.brest.dao.DaoUserJDBCIT@245ec1a6, testMethod = testRead@DaoUserJDBCIT, testException = [null], mergedContextConfiguration = [MergedContextConfiguration@6a937336 testClass = DaoUserJDBCIT, locations = '{classpath*:test-db.xml, classpath*:test-jdbc-conf.xml}', classes = '{}', contextInitializerClasses = '[]', activeProfiles = '{}', propertySourceLocations = '{}', propertySourceProperties = '{}', contextCustomizers = set[[empty]], contextLoader = 'org.springframework.test.context.support.DelegatingSmartContextLoader', parent = [null]], attributes = map['org.springframework.test.context.event.ApplicationEventsTestExecutionListener.recordApplicationEvents' -> false]].
20:06:27 DEBUG rmTransactionManager Creating new transaction with name [com.epam.brest.dao.DaoUserJDBCIT.testRead]: PROPAGATION_REQUIRED,ISOLATION_DEFAULT
20:06:27 DEBUG verManagerDataSource Creating new JDBC DriverManager Connection to [jdbc:h2:mem:test-db;MODE=MySQL;DB_CLOSE_DELAY=-1]
20:06:27 DEBUG ceTransactionManager Acquired Connection [conn3: url=jdbc:h2:mem:test-db user=SA] for JDBC transaction
20:06:27 DEBUG ceTransactionManager Switching JDBC Connection [conn3: url=jdbc:h2:mem:test-db user=SA] to manual commit
20:06:27 INFO  TransactionContext   Began transaction (1) for test context [DefaultTestContext@1702830d testClass = DaoUserJDBCIT, testInstance = com.epam.brest.dao.DaoUserJDBCIT@245ec1a6, testMethod = testRead@DaoUserJDBCIT, testException = [null], mergedContextConfiguration = [MergedContextConfiguration@6a937336 testClass = DaoUserJDBCIT, locations = '{classpath*:test-db.xml, classpath*:test-jdbc-conf.xml}', classes = '{}', contextInitializerClasses = '[]', activeProfiles = '{}', propertySourceLocations = '{}', propertySourceProperties = '{}', contextCustomizers = set[[empty]], contextLoader = 'org.springframework.test.context.support.DelegatingSmartContextLoader', parent = [null]], attributes = map['org.springframework.test.context.event.ApplicationEventsTestExecutionListener.recordApplicationEvents' -> false]]; transaction manager [org.springframework.jdbc.datasource.DataSourceTransactionManager@18acfe88]; rollback [true]
20:06:27 DEBUG ontextLoaderDelegate Retrieved ApplicationContext [758465579] from cache with key [[MergedContextConfiguration@6a937336 testClass = DaoUserJDBCIT, locations = '{classpath*:test-db.xml, classpath*:test-jdbc-conf.xml}', classes = '{}', contextInitializerClasses = '[]', activeProfiles = '{}', propertySourceLocations = '{}', propertySourceProperties = '{}', contextCustomizers = set[[empty]], contextLoader = 'org.springframework.test.context.support.DelegatingSmartContextLoader', parent = [null]]]
20:06:27 DEBUG DefaultContextCache  Spring test ApplicationContext cache statistics: [DefaultContextCache@3f049056 size = 1, maxSize = 32, parentContextCount = 0, hitCount = 22, missCount = 1]
20:06:27 DEBUG ontextLoaderDelegate Retrieved ApplicationContext [758465579] from cache with key [[MergedContextConfiguration@6a937336 testClass = DaoUserJDBCIT, locations = '{classpath*:test-db.xml, classpath*:test-jdbc-conf.xml}', classes = '{}', contextInitializerClasses = '[]', activeProfiles = '{}', propertySourceLocations = '{}', propertySourceProperties = '{}', contextCustomizers = set[[empty]], contextLoader = 'org.springframework.test.context.support.DelegatingSmartContextLoader', parent = [null]]]
20:06:27 DEBUG DefaultContextCache  Spring test ApplicationContext cache statistics: [DefaultContextCache@3f049056 size = 1, maxSize = 32, parentContextCount = 0, hitCount = 23, missCount = 1]
20:06:27 DEBUG DaoUserJDBCIT        Execute test: read({id})
20:06:27 DEBUG JdbcTemplate         Executing prepared SQL query
20:06:27 DEBUG JdbcTemplate         Executing prepared SQL statement [select d.id, d.name, d.login, d.password, d.email from user d order by d.name]
20:06:27 DEBUG JdbcTemplate         Executing prepared SQL query
20:06:27 DEBUG JdbcTemplate         Executing prepared SQL statement [select d.id, d.name, d.login, d.password, d.email from user d where id=?]
20:06:27 DEBUG ontextLoaderDelegate Retrieved ApplicationContext [758465579] from cache with key [[MergedContextConfiguration@6a937336 testClass = DaoUserJDBCIT, locations = '{classpath*:test-db.xml, classpath*:test-jdbc-conf.xml}', classes = '{}', contextInitializerClasses = '[]', activeProfiles = '{}', propertySourceLocations = '{}', propertySourceProperties = '{}', contextCustomizers = set[[empty]], contextLoader = 'org.springframework.test.context.support.DelegatingSmartContextLoader', parent = [null]]]
20:06:27 DEBUG DefaultContextCache  Spring test ApplicationContext cache statistics: [DefaultContextCache@3f049056 size = 1, maxSize = 32, parentContextCount = 0, hitCount = 24, missCount = 1]
20:06:27 DEBUG ontextLoaderDelegate Retrieved ApplicationContext [758465579] from cache with key [[MergedContextConfiguration@6a937336 testClass = DaoUserJDBCIT, locations = '{classpath*:test-db.xml, classpath*:test-jdbc-conf.xml}', classes = '{}', contextInitializerClasses = '[]', activeProfiles = '{}', propertySourceLocations = '{}', propertySourceProperties = '{}', contextCustomizers = set[[empty]], contextLoader = 'org.springframework.test.context.support.DelegatingSmartContextLoader', parent = [null]]]
20:06:27 DEBUG DefaultContextCache  Spring test ApplicationContext cache statistics: [DefaultContextCache@3f049056 size = 1, maxSize = 32, parentContextCount = 0, hitCount = 25, missCount = 1]
20:06:27 DEBUG rmTransactionManager Initiating transaction rollback
20:06:27 DEBUG ceTransactionManager Rolling back JDBC transaction on Connection [conn3: url=jdbc:h2:mem:test-db user=SA]
20:06:27 DEBUG ceTransactionManager Releasing JDBC Connection [conn3: url=jdbc:h2:mem:test-db user=SA] after transaction
20:06:27 INFO  TransactionContext   Rolled back transaction for test: [DefaultTestContext@1702830d testClass = DaoUserJDBCIT, testInstance = com.epam.brest.dao.DaoUserJDBCIT@245ec1a6, testMethod = testRead@DaoUserJDBCIT, testException = [null], mergedContextConfiguration = [MergedContextConfiguration@6a937336 testClass = DaoUserJDBCIT, locations = '{classpath*:test-db.xml, classpath*:test-jdbc-conf.xml}', classes = '{}', contextInitializerClasses = '[]', activeProfiles = '{}', propertySourceLocations = '{}', propertySourceProperties = '{}', contextCustomizers = set[[empty]], contextLoader = 'org.springframework.test.context.support.DelegatingSmartContextLoader', parent = [null]], attributes = map['org.springframework.test.context.event.ApplicationEventsTestExecutionListener.recordApplicationEvents' -> false]]
20:06:27 DEBUG estExecutionListener After test method: context [DefaultTestContext@1702830d testClass = DaoUserJDBCIT, testInstance = com.epam.brest.dao.DaoUserJDBCIT@245ec1a6, testMethod = testRead@DaoUserJDBCIT, testException = [null], mergedContextConfiguration = [MergedContextConfiguration@6a937336 testClass = DaoUserJDBCIT, locations = '{classpath*:test-db.xml, classpath*:test-jdbc-conf.xml}', classes = '{}', contextInitializerClasses = '[]', activeProfiles = '{}', propertySourceLocations = '{}', propertySourceProperties = '{}', contextCustomizers = set[[empty]], contextLoader = 'org.springframework.test.context.support.DelegatingSmartContextLoader', parent = [null]], attributes = map['org.springframework.test.context.event.ApplicationEventsTestExecutionListener.recordApplicationEvents' -> false]], class annotated with @DirtiesContext [false] with mode [null], method annotated with @DirtiesContext [false] with mode [null].
]]></system-out>
  </testcase>
  <testcase name="findAll" classname="com.epam.brest.dao.DaoUserJDBCIT" time="0.024">
    <system-out><![CDATA[20:06:27 DEBUG ontextLoaderDelegate Retrieved ApplicationContext [758465579] from cache with key [[MergedContextConfiguration@6a937336 testClass = DaoUserJDBCIT, locations = '{classpath*:test-db.xml, classpath*:test-jdbc-conf.xml}', classes = '{}', contextInitializerClasses = '[]', activeProfiles = '{}', propertySourceLocations = '{}', propertySourceProperties = '{}', contextCustomizers = set[[empty]], contextLoader = 'org.springframework.test.context.support.DelegatingSmartContextLoader', parent = [null]]]
20:06:27 DEBUG DefaultContextCache  Spring test ApplicationContext cache statistics: [DefaultContextCache@3f049056 size = 1, maxSize = 32, parentContextCount = 0, hitCount = 26, missCount = 1]
20:06:27 DEBUG estExecutionListener Performing dependency injection for test context [[DefaultTestContext@1702830d testClass = DaoUserJDBCIT, testInstance = com.epam.brest.dao.DaoUserJDBCIT@6a0094c9, testMethod = [null], testException = [null], mergedContextConfiguration = [MergedContextConfiguration@6a937336 testClass = DaoUserJDBCIT, locations = '{classpath*:test-db.xml, classpath*:test-jdbc-conf.xml}', classes = '{}', contextInitializerClasses = '[]', activeProfiles = '{}', propertySourceLocations = '{}', propertySourceProperties = '{}', contextCustomizers = set[[empty]], contextLoader = 'org.springframework.test.context.support.DelegatingSmartContextLoader', parent = [null]], attributes = map['org.springframework.test.context.event.ApplicationEventsTestExecutionListener.recordApplicationEvents' -> false]]].
20:06:27 DEBUG ontextLoaderDelegate Retrieved ApplicationContext [758465579] from cache with key [[MergedContextConfiguration@6a937336 testClass = DaoUserJDBCIT, locations = '{classpath*:test-db.xml, classpath*:test-jdbc-conf.xml}', classes = '{}', contextInitializerClasses = '[]', activeProfiles = '{}', propertySourceLocations = '{}', propertySourceProperties = '{}', contextCustomizers = set[[empty]], contextLoader = 'org.springframework.test.context.support.DelegatingSmartContextLoader', parent = [null]]]
20:06:27 DEBUG DefaultContextCache  Spring test ApplicationContext cache statistics: [DefaultContextCache@3f049056 size = 1, maxSize = 32, parentContextCount = 0, hitCount = 27, missCount = 1]
20:06:27 DEBUG ontextLoaderDelegate Retrieved ApplicationContext [758465579] from cache with key [[MergedContextConfiguration@6a937336 testClass = DaoUserJDBCIT, locations = '{classpath*:test-db.xml, classpath*:test-jdbc-conf.xml}', classes = '{}', contextInitializerClasses = '[]', activeProfiles = '{}', propertySourceLocations = '{}', propertySourceProperties = '{}', contextCustomizers = set[[empty]], contextLoader = 'org.springframework.test.context.support.DelegatingSmartContextLoader', parent = [null]]]
20:06:27 DEBUG DefaultContextCache  Spring test ApplicationContext cache statistics: [DefaultContextCache@3f049056 size = 1, maxSize = 32, parentContextCount = 0, hitCount = 28, missCount = 1]
20:06:27 DEBUG estExecutionListener Before test method: context [DefaultTestContext@1702830d testClass = DaoUserJDBCIT, testInstance = com.epam.brest.dao.DaoUserJDBCIT@6a0094c9, testMethod = findAll@DaoUserJDBCIT, testException = [null], mergedContextConfiguration = [MergedContextConfiguration@6a937336 testClass = DaoUserJDBCIT, locations = '{classpath*:test-db.xml, classpath*:test-jdbc-conf.xml}', classes = '{}', contextInitializerClasses = '[]', activeProfiles = '{}', propertySourceLocations = '{}', propertySourceProperties = '{}', contextCustomizers = set[[empty]], contextLoader = 'org.springframework.test.context.support.DelegatingSmartContextLoader', parent = [null]], attributes = map['org.springframework.test.context.event.ApplicationEventsTestExecutionListener.recordApplicationEvents' -> false]], class annotated with @DirtiesContext [false] with mode [null], method annotated with @DirtiesContext [false] with mode [null].
20:06:27 DEBUG estExecutionListener Explicit transaction definition [PROPAGATION_REQUIRED,ISOLATION_DEFAULT] found for test context [DefaultTestContext@1702830d testClass = DaoUserJDBCIT, testInstance = com.epam.brest.dao.DaoUserJDBCIT@6a0094c9, testMethod = findAll@DaoUserJDBCIT, testException = [null], mergedContextConfiguration = [MergedContextConfiguration@6a937336 testClass = DaoUserJDBCIT, locations = '{classpath*:test-db.xml, classpath*:test-jdbc-conf.xml}', classes = '{}', contextInitializerClasses = '[]', activeProfiles = '{}', propertySourceLocations = '{}', propertySourceProperties = '{}', contextCustomizers = set[[empty]], contextLoader = 'org.springframework.test.context.support.DelegatingSmartContextLoader', parent = [null]], attributes = map['org.springframework.test.context.event.ApplicationEventsTestExecutionListener.recordApplicationEvents' -> false]]
20:06:27 DEBUG ontextLoaderDelegate Retrieved ApplicationContext [758465579] from cache with key [[MergedContextConfiguration@6a937336 testClass = DaoUserJDBCIT, locations = '{classpath*:test-db.xml, classpath*:test-jdbc-conf.xml}', classes = '{}', contextInitializerClasses = '[]', activeProfiles = '{}', propertySourceLocations = '{}', propertySourceProperties = '{}', contextCustomizers = set[[empty]], contextLoader = 'org.springframework.test.context.support.DelegatingSmartContextLoader', parent = [null]]]
20:06:27 DEBUG DefaultContextCache  Spring test ApplicationContext cache statistics: [DefaultContextCache@3f049056 size = 1, maxSize = 32, parentContextCount = 0, hitCount = 29, missCount = 1]
20:06:27 DEBUG estExecutionListener No method-level @Rollback override: using default rollback [true] for test context [DefaultTestContext@1702830d testClass = DaoUserJDBCIT, testInstance = com.epam.brest.dao.DaoUserJDBCIT@6a0094c9, testMethod = findAll@DaoUserJDBCIT, testException = [null], mergedContextConfiguration = [MergedContextConfiguration@6a937336 testClass = DaoUserJDBCIT, locations = '{classpath*:test-db.xml, classpath*:test-jdbc-conf.xml}', classes = '{}', contextInitializerClasses = '[]', activeProfiles = '{}', propertySourceLocations = '{}', propertySourceProperties = '{}', contextCustomizers = set[[empty]], contextLoader = 'org.springframework.test.context.support.DelegatingSmartContextLoader', parent = [null]], attributes = map['org.springframework.test.context.event.ApplicationEventsTestExecutionListener.recordApplicationEvents' -> false]].
20:06:27 DEBUG rmTransactionManager Creating new transaction with name [com.epam.brest.dao.DaoUserJDBCIT.findAll]: PROPAGATION_REQUIRED,ISOLATION_DEFAULT
20:06:27 DEBUG verManagerDataSource Creating new JDBC DriverManager Connection to [jdbc:h2:mem:test-db;MODE=MySQL;DB_CLOSE_DELAY=-1]
20:06:27 DEBUG ceTransactionManager Acquired Connection [conn4: url=jdbc:h2:mem:test-db user=SA] for JDBC transaction
20:06:27 DEBUG ceTransactionManager Switching JDBC Connection [conn4: url=jdbc:h2:mem:test-db user=SA] to manual commit
20:06:27 INFO  TransactionContext   Began transaction (1) for test context [DefaultTestContext@1702830d testClass = DaoUserJDBCIT, testInstance = com.epam.brest.dao.DaoUserJDBCIT@6a0094c9, testMethod = findAll@DaoUserJDBCIT, testException = [null], mergedContextConfiguration = [MergedContextConfiguration@6a937336 testClass = DaoUserJDBCIT, locations = '{classpath*:test-db.xml, classpath*:test-jdbc-conf.xml}', classes = '{}', contextInitializerClasses = '[]', activeProfiles = '{}', propertySourceLocations = '{}', propertySourceProperties = '{}', contextCustomizers = set[[empty]], contextLoader = 'org.springframework.test.context.support.DelegatingSmartContextLoader', parent = [null]], attributes = map['org.springframework.test.context.event.ApplicationEventsTestExecutionListener.recordApplicationEvents' -> false]]; transaction manager [org.springframework.jdbc.datasource.DataSourceTransactionManager@18acfe88]; rollback [true]
20:06:27 DEBUG ontextLoaderDelegate Retrieved ApplicationContext [758465579] from cache with key [[MergedContextConfiguration@6a937336 testClass = DaoUserJDBCIT, locations = '{classpath*:test-db.xml, classpath*:test-jdbc-conf.xml}', classes = '{}', contextInitializerClasses = '[]', activeProfiles = '{}', propertySourceLocations = '{}', propertySourceProperties = '{}', contextCustomizers = set[[empty]], contextLoader = 'org.springframework.test.context.support.DelegatingSmartContextLoader', parent = [null]]]
20:06:27 DEBUG DefaultContextCache  Spring test ApplicationContext cache statistics: [DefaultContextCache@3f049056 size = 1, maxSize = 32, parentContextCount = 0, hitCount = 30, missCount = 1]
20:06:27 DEBUG ontextLoaderDelegate Retrieved ApplicationContext [758465579] from cache with key [[MergedContextConfiguration@6a937336 testClass = DaoUserJDBCIT, locations = '{classpath*:test-db.xml, classpath*:test-jdbc-conf.xml}', classes = '{}', contextInitializerClasses = '[]', activeProfiles = '{}', propertySourceLocations = '{}', propertySourceProperties = '{}', contextCustomizers = set[[empty]], contextLoader = 'org.springframework.test.context.support.DelegatingSmartContextLoader', parent = [null]]]
20:06:27 DEBUG DefaultContextCache  Spring test ApplicationContext cache statistics: [DefaultContextCache@3f049056 size = 1, maxSize = 32, parentContextCount = 0, hitCount = 31, missCount = 1]
20:06:27 DEBUG DaoUserJDBCIT        Execute test: getAll()
20:06:27 DEBUG JdbcTemplate         Executing prepared SQL query
20:06:27 DEBUG JdbcTemplate         Executing prepared SQL statement [select d.id, d.name, d.login, d.password, d.email from user d order by d.name]
20:06:27 DEBUG JdbcTemplate         Executing prepared SQL query
20:06:27 DEBUG JdbcTemplate         Executing prepared SQL statement [select d.id, d.name, d.login, d.password, d.email from user d order by d.name]
20:06:27 DEBUG ontextLoaderDelegate Retrieved ApplicationContext [758465579] from cache with key [[MergedContextConfiguration@6a937336 testClass = DaoUserJDBCIT, locations = '{classpath*:test-db.xml, classpath*:test-jdbc-conf.xml}', classes = '{}', contextInitializerClasses = '[]', activeProfiles = '{}', propertySourceLocations = '{}', propertySourceProperties = '{}', contextCustomizers = set[[empty]], contextLoader = 'org.springframework.test.context.support.DelegatingSmartContextLoader', parent = [null]]]
20:06:27 DEBUG DefaultContextCache  Spring test ApplicationContext cache statistics: [DefaultContextCache@3f049056 size = 1, maxSize = 32, parentContextCount = 0, hitCount = 32, missCount = 1]
20:06:27 DEBUG ontextLoaderDelegate Retrieved ApplicationContext [758465579] from cache with key [[MergedContextConfiguration@6a937336 testClass = DaoUserJDBCIT, locations = '{classpath*:test-db.xml, classpath*:test-jdbc-conf.xml}', classes = '{}', contextInitializerClasses = '[]', activeProfiles = '{}', propertySourceLocations = '{}', propertySourceProperties = '{}', contextCustomizers = set[[empty]], contextLoader = 'org.springframework.test.context.support.DelegatingSmartContextLoader', parent = [null]]]
20:06:27 DEBUG DefaultContextCache  Spring test ApplicationContext cache statistics: [DefaultContextCache@3f049056 size = 1, maxSize = 32, parentContextCount = 0, hitCount = 33, missCount = 1]
20:06:27 DEBUG rmTransactionManager Initiating transaction rollback
20:06:27 DEBUG ceTransactionManager Rolling back JDBC transaction on Connection [conn4: url=jdbc:h2:mem:test-db user=SA]
20:06:27 DEBUG ceTransactionManager Releasing JDBC Connection [conn4: url=jdbc:h2:mem:test-db user=SA] after transaction
20:06:27 INFO  TransactionContext   Rolled back transaction for test: [DefaultTestContext@1702830d testClass = DaoUserJDBCIT, testInstance = com.epam.brest.dao.DaoUserJDBCIT@6a0094c9, testMethod = findAll@DaoUserJDBCIT, testException = [null], mergedContextConfiguration = [MergedContextConfiguration@6a937336 testClass = DaoUserJDBCIT, locations = '{classpath*:test-db.xml, classpath*:test-jdbc-conf.xml}', classes = '{}', contextInitializerClasses = '[]', activeProfiles = '{}', propertySourceLocations = '{}', propertySourceProperties = '{}', contextCustomizers = set[[empty]], contextLoader = 'org.springframework.test.context.support.DelegatingSmartContextLoader', parent = [null]], attributes = map['org.springframework.test.context.event.ApplicationEventsTestExecutionListener.recordApplicationEvents' -> false]]
20:06:27 DEBUG estExecutionListener After test method: context [DefaultTestContext@1702830d testClass = DaoUserJDBCIT, testInstance = com.epam.brest.dao.DaoUserJDBCIT@6a0094c9, testMethod = findAll@DaoUserJDBCIT, testException = [null], mergedContextConfiguration = [MergedContextConfiguration@6a937336 testClass = DaoUserJDBCIT, locations = '{classpath*:test-db.xml, classpath*:test-jdbc-conf.xml}', classes = '{}', contextInitializerClasses = '[]', activeProfiles = '{}', propertySourceLocations = '{}', propertySourceProperties = '{}', contextCustomizers = set[[empty]], contextLoader = 'org.springframework.test.context.support.DelegatingSmartContextLoader', parent = [null]], attributes = map['org.springframework.test.context.event.ApplicationEventsTestExecutionListener.recordApplicationEvents' -> false]], class annotated with @DirtiesContext [false] with mode [null], method annotated with @DirtiesContext [false] with mode [null].
]]></system-out>
  </testcase>
  <testcase name="testChange" classname="com.epam.brest.dao.DaoUserJDBCIT" time="0.053">
    <system-out><![CDATA[20:06:27 DEBUG ontextLoaderDelegate Retrieved ApplicationContext [758465579] from cache with key [[MergedContextConfiguration@6a937336 testClass = DaoUserJDBCIT, locations = '{classpath*:test-db.xml, classpath*:test-jdbc-conf.xml}', classes = '{}', contextInitializerClasses = '[]', activeProfiles = '{}', propertySourceLocations = '{}', propertySourceProperties = '{}', contextCustomizers = set[[empty]], contextLoader = 'org.springframework.test.context.support.DelegatingSmartContextLoader', parent = [null]]]
20:06:27 DEBUG DefaultContextCache  Spring test ApplicationContext cache statistics: [DefaultContextCache@3f049056 size = 1, maxSize = 32, parentContextCount = 0, hitCount = 34, missCount = 1]
20:06:27 DEBUG estExecutionListener Performing dependency injection for test context [[DefaultTestContext@1702830d testClass = DaoUserJDBCIT, testInstance = com.epam.brest.dao.DaoUserJDBCIT@2123064f, testMethod = [null], testException = [null], mergedContextConfiguration = [MergedContextConfiguration@6a937336 testClass = DaoUserJDBCIT, locations = '{classpath*:test-db.xml, classpath*:test-jdbc-conf.xml}', classes = '{}', contextInitializerClasses = '[]', activeProfiles = '{}', propertySourceLocations = '{}', propertySourceProperties = '{}', contextCustomizers = set[[empty]], contextLoader = 'org.springframework.test.context.support.DelegatingSmartContextLoader', parent = [null]], attributes = map['org.springframework.test.context.event.ApplicationEventsTestExecutionListener.recordApplicationEvents' -> false]]].
20:06:27 DEBUG ontextLoaderDelegate Retrieved ApplicationContext [758465579] from cache with key [[MergedContextConfiguration@6a937336 testClass = DaoUserJDBCIT, locations = '{classpath*:test-db.xml, classpath*:test-jdbc-conf.xml}', classes = '{}', contextInitializerClasses = '[]', activeProfiles = '{}', propertySourceLocations = '{}', propertySourceProperties = '{}', contextCustomizers = set[[empty]], contextLoader = 'org.springframework.test.context.support.DelegatingSmartContextLoader', parent = [null]]]
20:06:27 DEBUG DefaultContextCache  Spring test ApplicationContext cache statistics: [DefaultContextCache@3f049056 size = 1, maxSize = 32, parentContextCount = 0, hitCount = 35, missCount = 1]
20:06:27 DEBUG ontextLoaderDelegate Retrieved ApplicationContext [758465579] from cache with key [[MergedContextConfiguration@6a937336 testClass = DaoUserJDBCIT, locations = '{classpath*:test-db.xml, classpath*:test-jdbc-conf.xml}', classes = '{}', contextInitializerClasses = '[]', activeProfiles = '{}', propertySourceLocations = '{}', propertySourceProperties = '{}', contextCustomizers = set[[empty]], contextLoader = 'org.springframework.test.context.support.DelegatingSmartContextLoader', parent = [null]]]
20:06:27 DEBUG DefaultContextCache  Spring test ApplicationContext cache statistics: [DefaultContextCache@3f049056 size = 1, maxSize = 32, parentContextCount = 0, hitCount = 36, missCount = 1]
20:06:27 DEBUG estExecutionListener Before test method: context [DefaultTestContext@1702830d testClass = DaoUserJDBCIT, testInstance = com.epam.brest.dao.DaoUserJDBCIT@2123064f, testMethod = testChange@DaoUserJDBCIT, testException = [null], mergedContextConfiguration = [MergedContextConfiguration@6a937336 testClass = DaoUserJDBCIT, locations = '{classpath*:test-db.xml, classpath*:test-jdbc-conf.xml}', classes = '{}', contextInitializerClasses = '[]', activeProfiles = '{}', propertySourceLocations = '{}', propertySourceProperties = '{}', contextCustomizers = set[[empty]], contextLoader = 'org.springframework.test.context.support.DelegatingSmartContextLoader', parent = [null]], attributes = map['org.springframework.test.context.event.ApplicationEventsTestExecutionListener.recordApplicationEvents' -> false]], class annotated with @DirtiesContext [false] with mode [null], method annotated with @DirtiesContext [false] with mode [null].
20:06:27 DEBUG estExecutionListener Explicit transaction definition [PROPAGATION_REQUIRED,ISOLATION_DEFAULT] found for test context [DefaultTestContext@1702830d testClass = DaoUserJDBCIT, testInstance = com.epam.brest.dao.DaoUserJDBCIT@2123064f, testMethod = testChange@DaoUserJDBCIT, testException = [null], mergedContextConfiguration = [MergedContextConfiguration@6a937336 testClass = DaoUserJDBCIT, locations = '{classpath*:test-db.xml, classpath*:test-jdbc-conf.xml}', classes = '{}', contextInitializerClasses = '[]', activeProfiles = '{}', propertySourceLocations = '{}', propertySourceProperties = '{}', contextCustomizers = set[[empty]], contextLoader = 'org.springframework.test.context.support.DelegatingSmartContextLoader', parent = [null]], attributes = map['org.springframework.test.context.event.ApplicationEventsTestExecutionListener.recordApplicationEvents' -> false]]
20:06:27 DEBUG ontextLoaderDelegate Retrieved ApplicationContext [758465579] from cache with key [[MergedContextConfiguration@6a937336 testClass = DaoUserJDBCIT, locations = '{classpath*:test-db.xml, classpath*:test-jdbc-conf.xml}', classes = '{}', contextInitializerClasses = '[]', activeProfiles = '{}', propertySourceLocations = '{}', propertySourceProperties = '{}', contextCustomizers = set[[empty]], contextLoader = 'org.springframework.test.context.support.DelegatingSmartContextLoader', parent = [null]]]
20:06:27 DEBUG DefaultContextCache  Spring test ApplicationContext cache statistics: [DefaultContextCache@3f049056 size = 1, maxSize = 32, parentContextCount = 0, hitCount = 37, missCount = 1]
20:06:27 DEBUG estExecutionListener No method-level @Rollback override: using default rollback [true] for test context [DefaultTestContext@1702830d testClass = DaoUserJDBCIT, testInstance = com.epam.brest.dao.DaoUserJDBCIT@2123064f, testMethod = testChange@DaoUserJDBCIT, testException = [null], mergedContextConfiguration = [MergedContextConfiguration@6a937336 testClass = DaoUserJDBCIT, locations = '{classpath*:test-db.xml, classpath*:test-jdbc-conf.xml}', classes = '{}', contextInitializerClasses = '[]', activeProfiles = '{}', propertySourceLocations = '{}', propertySourceProperties = '{}', contextCustomizers = set[[empty]], contextLoader = 'org.springframework.test.context.support.DelegatingSmartContextLoader', parent = [null]], attributes = map['org.springframework.test.context.event.ApplicationEventsTestExecutionListener.recordApplicationEvents' -> false]].
20:06:27 DEBUG rmTransactionManager Creating new transaction with name [com.epam.brest.dao.DaoUserJDBCIT.testChange]: PROPAGATION_REQUIRED,ISOLATION_DEFAULT
20:06:27 DEBUG verManagerDataSource Creating new JDBC DriverManager Connection to [jdbc:h2:mem:test-db;MODE=MySQL;DB_CLOSE_DELAY=-1]
20:06:27 DEBUG ceTransactionManager Acquired Connection [conn5: url=jdbc:h2:mem:test-db user=SA] for JDBC transaction
20:06:27 DEBUG ceTransactionManager Switching JDBC Connection [conn5: url=jdbc:h2:mem:test-db user=SA] to manual commit
20:06:27 INFO  TransactionContext   Began transaction (1) for test context [DefaultTestContext@1702830d testClass = DaoUserJDBCIT, testInstance = com.epam.brest.dao.DaoUserJDBCIT@2123064f, testMethod = testChange@DaoUserJDBCIT, testException = [null], mergedContextConfiguration = [MergedContextConfiguration@6a937336 testClass = DaoUserJDBCIT, locations = '{classpath*:test-db.xml, classpath*:test-jdbc-conf.xml}', classes = '{}', contextInitializerClasses = '[]', activeProfiles = '{}', propertySourceLocations = '{}', propertySourceProperties = '{}', contextCustomizers = set[[empty]], contextLoader = 'org.springframework.test.context.support.DelegatingSmartContextLoader', parent = [null]], attributes = map['org.springframework.test.context.event.ApplicationEventsTestExecutionListener.recordApplicationEvents' -> false]]; transaction manager [org.springframework.jdbc.datasource.DataSourceTransactionManager@18acfe88]; rollback [true]
20:06:27 DEBUG ontextLoaderDelegate Retrieved ApplicationContext [758465579] from cache with key [[MergedContextConfiguration@6a937336 testClass = DaoUserJDBCIT, locations = '{classpath*:test-db.xml, classpath*:test-jdbc-conf.xml}', classes = '{}', contextInitializerClasses = '[]', activeProfiles = '{}', propertySourceLocations = '{}', propertySourceProperties = '{}', contextCustomizers = set[[empty]], contextLoader = 'org.springframework.test.context.support.DelegatingSmartContextLoader', parent = [null]]]
20:06:27 DEBUG DefaultContextCache  Spring test ApplicationContext cache statistics: [DefaultContextCache@3f049056 size = 1, maxSize = 32, parentContextCount = 0, hitCount = 38, missCount = 1]
20:06:27 DEBUG ontextLoaderDelegate Retrieved ApplicationContext [758465579] from cache with key [[MergedContextConfiguration@6a937336 testClass = DaoUserJDBCIT, locations = '{classpath*:test-db.xml, classpath*:test-jdbc-conf.xml}', classes = '{}', contextInitializerClasses = '[]', activeProfiles = '{}', propertySourceLocations = '{}', propertySourceProperties = '{}', contextCustomizers = set[[empty]], contextLoader = 'org.springframework.test.context.support.DelegatingSmartContextLoader', parent = [null]]]
20:06:27 DEBUG DefaultContextCache  Spring test ApplicationContext cache statistics: [DefaultContextCache@3f049056 size = 1, maxSize = 32, parentContextCount = 0, hitCount = 39, missCount = 1]
20:06:27 DEBUG DaoUserJDBCIT        Execute test: update()
20:06:27 DEBUG JdbcTemplate         Executing SQL update and returning generated keys
20:06:27 DEBUG JdbcTemplate         Executing prepared SQL statement [update user set name=?, login=?, password=?, email=? where id=?]
20:06:27 DEBUG JdbcTemplate         Executing prepared SQL query
20:06:27 DEBUG JdbcTemplate         Executing prepared SQL statement [select d.id, d.name, d.login, d.password, d.email from user d order by d.name]
20:06:27 DEBUG JdbcTemplate         Executing prepared SQL query
20:06:27 DEBUG JdbcTemplate         Executing prepared SQL statement [select d.id, d.name, d.login, d.password, d.email from user d order by d.name]
20:06:27 DEBUG ontextLoaderDelegate Retrieved ApplicationContext [758465579] from cache with key [[MergedContextConfiguration@6a937336 testClass = DaoUserJDBCIT, locations = '{classpath*:test-db.xml, classpath*:test-jdbc-conf.xml}', classes = '{}', contextInitializerClasses = '[]', activeProfiles = '{}', propertySourceLocations = '{}', propertySourceProperties = '{}', contextCustomizers = set[[empty]], contextLoader = 'org.springframework.test.context.support.DelegatingSmartContextLoader', parent = [null]]]
20:06:27 DEBUG DefaultContextCache  Spring test ApplicationContext cache statistics: [DefaultContextCache@3f049056 size = 1, maxSize = 32, parentContextCount = 0, hitCount = 40, missCount = 1]
20:06:27 DEBUG ontextLoaderDelegate Retrieved ApplicationContext [758465579] from cache with key [[MergedContextConfiguration@6a937336 testClass = DaoUserJDBCIT, locations = '{classpath*:test-db.xml, classpath*:test-jdbc-conf.xml}', classes = '{}', contextInitializerClasses = '[]', activeProfiles = '{}', propertySourceLocations = '{}', propertySourceProperties = '{}', contextCustomizers = set[[empty]], contextLoader = 'org.springframework.test.context.support.DelegatingSmartContextLoader', parent = [null]]]
20:06:27 DEBUG DefaultContextCache  Spring test ApplicationContext cache statistics: [DefaultContextCache@3f049056 size = 1, maxSize = 32, parentContextCount = 0, hitCount = 41, missCount = 1]
20:06:27 DEBUG rmTransactionManager Initiating transaction rollback
20:06:27 DEBUG ceTransactionManager Rolling back JDBC transaction on Connection [conn5: url=jdbc:h2:mem:test-db user=SA]
20:06:27 DEBUG ceTransactionManager Releasing JDBC Connection [conn5: url=jdbc:h2:mem:test-db user=SA] after transaction
20:06:27 INFO  TransactionContext   Rolled back transaction for test: [DefaultTestContext@1702830d testClass = DaoUserJDBCIT, testInstance = com.epam.brest.dao.DaoUserJDBCIT@2123064f, testMethod = testChange@DaoUserJDBCIT, testException = [null], mergedContextConfiguration = [MergedContextConfiguration@6a937336 testClass = DaoUserJDBCIT, locations = '{classpath*:test-db.xml, classpath*:test-jdbc-conf.xml}', classes = '{}', contextInitializerClasses = '[]', activeProfiles = '{}', propertySourceLocations = '{}', propertySourceProperties = '{}', contextCustomizers = set[[empty]], contextLoader = 'org.springframework.test.context.support.DelegatingSmartContextLoader', parent = [null]], attributes = map['org.springframework.test.context.event.ApplicationEventsTestExecutionListener.recordApplicationEvents' -> false]]
20:06:27 DEBUG estExecutionListener After test method: context [DefaultTestContext@1702830d testClass = DaoUserJDBCIT, testInstance = com.epam.brest.dao.DaoUserJDBCIT@2123064f, testMethod = testChange@DaoUserJDBCIT, testException = [null], mergedContextConfiguration = [MergedContextConfiguration@6a937336 testClass = DaoUserJDBCIT, locations = '{classpath*:test-db.xml, classpath*:test-jdbc-conf.xml}', classes = '{}', contextInitializerClasses = '[]', activeProfiles = '{}', propertySourceLocations = '{}', propertySourceProperties = '{}', contextCustomizers = set[[empty]], contextLoader = 'org.springframework.test.context.support.DelegatingSmartContextLoader', parent = [null]], attributes = map['org.springframework.test.context.event.ApplicationEventsTestExecutionListener.recordApplicationEvents' -> false]], class annotated with @DirtiesContext [false] with mode [null], method annotated with @DirtiesContext [false] with mode [null].
]]></system-out>
  </testcase>
  <testcase name="testDelete" classname="com.epam.brest.dao.DaoUserJDBCIT" time="0.035">
    <system-out><![CDATA[20:06:27 DEBUG ontextLoaderDelegate Retrieved ApplicationContext [758465579] from cache with key [[MergedContextConfiguration@6a937336 testClass = DaoUserJDBCIT, locations = '{classpath*:test-db.xml, classpath*:test-jdbc-conf.xml}', classes = '{}', contextInitializerClasses = '[]', activeProfiles = '{}', propertySourceLocations = '{}', propertySourceProperties = '{}', contextCustomizers = set[[empty]], contextLoader = 'org.springframework.test.context.support.DelegatingSmartContextLoader', parent = [null]]]
20:06:27 DEBUG DefaultContextCache  Spring test ApplicationContext cache statistics: [DefaultContextCache@3f049056 size = 1, maxSize = 32, parentContextCount = 0, hitCount = 42, missCount = 1]
20:06:27 DEBUG estExecutionListener Performing dependency injection for test context [[DefaultTestContext@1702830d testClass = DaoUserJDBCIT, testInstance = com.epam.brest.dao.DaoUserJDBCIT@73d4066e, testMethod = [null], testException = [null], mergedContextConfiguration = [MergedContextConfiguration@6a937336 testClass = DaoUserJDBCIT, locations = '{classpath*:test-db.xml, classpath*:test-jdbc-conf.xml}', classes = '{}', contextInitializerClasses = '[]', activeProfiles = '{}', propertySourceLocations = '{}', propertySourceProperties = '{}', contextCustomizers = set[[empty]], contextLoader = 'org.springframework.test.context.support.DelegatingSmartContextLoader', parent = [null]], attributes = map['org.springframework.test.context.event.ApplicationEventsTestExecutionListener.recordApplicationEvents' -> false]]].
20:06:27 DEBUG ontextLoaderDelegate Retrieved ApplicationContext [758465579] from cache with key [[MergedContextConfiguration@6a937336 testClass = DaoUserJDBCIT, locations = '{classpath*:test-db.xml, classpath*:test-jdbc-conf.xml}', classes = '{}', contextInitializerClasses = '[]', activeProfiles = '{}', propertySourceLocations = '{}', propertySourceProperties = '{}', contextCustomizers = set[[empty]], contextLoader = 'org.springframework.test.context.support.DelegatingSmartContextLoader', parent = [null]]]
20:06:27 DEBUG DefaultContextCache  Spring test ApplicationContext cache statistics: [DefaultContextCache@3f049056 size = 1, maxSize = 32, parentContextCount = 0, hitCount = 43, missCount = 1]
20:06:27 DEBUG ontextLoaderDelegate Retrieved ApplicationContext [758465579] from cache with key [[MergedContextConfiguration@6a937336 testClass = DaoUserJDBCIT, locations = '{classpath*:test-db.xml, classpath*:test-jdbc-conf.xml}', classes = '{}', contextInitializerClasses = '[]', activeProfiles = '{}', propertySourceLocations = '{}', propertySourceProperties = '{}', contextCustomizers = set[[empty]], contextLoader = 'org.springframework.test.context.support.DelegatingSmartContextLoader', parent = [null]]]
20:06:27 DEBUG DefaultContextCache  Spring test ApplicationContext cache statistics: [DefaultContextCache@3f049056 size = 1, maxSize = 32, parentContextCount = 0, hitCount = 44, missCount = 1]
20:06:27 DEBUG estExecutionListener Before test method: context [DefaultTestContext@1702830d testClass = DaoUserJDBCIT, testInstance = com.epam.brest.dao.DaoUserJDBCIT@73d4066e, testMethod = testDelete@DaoUserJDBCIT, testException = [null], mergedContextConfiguration = [MergedContextConfiguration@6a937336 testClass = DaoUserJDBCIT, locations = '{classpath*:test-db.xml, classpath*:test-jdbc-conf.xml}', classes = '{}', contextInitializerClasses = '[]', activeProfiles = '{}', propertySourceLocations = '{}', propertySourceProperties = '{}', contextCustomizers = set[[empty]], contextLoader = 'org.springframework.test.context.support.DelegatingSmartContextLoader', parent = [null]], attributes = map['org.springframework.test.context.event.ApplicationEventsTestExecutionListener.recordApplicationEvents' -> false]], class annotated with @DirtiesContext [false] with mode [null], method annotated with @DirtiesContext [false] with mode [null].
20:06:27 DEBUG estExecutionListener Explicit transaction definition [PROPAGATION_REQUIRED,ISOLATION_DEFAULT] found for test context [DefaultTestContext@1702830d testClass = DaoUserJDBCIT, testInstance = com.epam.brest.dao.DaoUserJDBCIT@73d4066e, testMethod = testDelete@DaoUserJDBCIT, testException = [null], mergedContextConfiguration = [MergedContextConfiguration@6a937336 testClass = DaoUserJDBCIT, locations = '{classpath*:test-db.xml, classpath*:test-jdbc-conf.xml}', classes = '{}', contextInitializerClasses = '[]', activeProfiles = '{}', propertySourceLocations = '{}', propertySourceProperties = '{}', contextCustomizers = set[[empty]], contextLoader = 'org.springframework.test.context.support.DelegatingSmartContextLoader', parent = [null]], attributes = map['org.springframework.test.context.event.ApplicationEventsTestExecutionListener.recordApplicationEvents' -> false]]
20:06:27 DEBUG ontextLoaderDelegate Retrieved ApplicationContext [758465579] from cache with key [[MergedContextConfiguration@6a937336 testClass = DaoUserJDBCIT, locations = '{classpath*:test-db.xml, classpath*:test-jdbc-conf.xml}', classes = '{}', contextInitializerClasses = '[]', activeProfiles = '{}', propertySourceLocations = '{}', propertySourceProperties = '{}', contextCustomizers = set[[empty]], contextLoader = 'org.springframework.test.context.support.DelegatingSmartContextLoader', parent = [null]]]
20:06:27 DEBUG DefaultContextCache  Spring test ApplicationContext cache statistics: [DefaultContextCache@3f049056 size = 1, maxSize = 32, parentContextCount = 0, hitCount = 45, missCount = 1]
20:06:27 DEBUG estExecutionListener No method-level @Rollback override: using default rollback [true] for test context [DefaultTestContext@1702830d testClass = DaoUserJDBCIT, testInstance = com.epam.brest.dao.DaoUserJDBCIT@73d4066e, testMethod = testDelete@DaoUserJDBCIT, testException = [null], mergedContextConfiguration = [MergedContextConfiguration@6a937336 testClass = DaoUserJDBCIT, locations = '{classpath*:test-db.xml, classpath*:test-jdbc-conf.xml}', classes = '{}', contextInitializerClasses = '[]', activeProfiles = '{}', propertySourceLocations = '{}', propertySourceProperties = '{}', contextCustomizers = set[[empty]], contextLoader = 'org.springframework.test.context.support.DelegatingSmartContextLoader', parent = [null]], attributes = map['org.springframework.test.context.event.ApplicationEventsTestExecutionListener.recordApplicationEvents' -> false]].
20:06:27 DEBUG rmTransactionManager Creating new transaction with name [com.epam.brest.dao.DaoUserJDBCIT.testDelete]: PROPAGATION_REQUIRED,ISOLATION_DEFAULT
20:06:27 DEBUG verManagerDataSource Creating new JDBC DriverManager Connection to [jdbc:h2:mem:test-db;MODE=MySQL;DB_CLOSE_DELAY=-1]
20:06:27 DEBUG ceTransactionManager Acquired Connection [conn6: url=jdbc:h2:mem:test-db user=SA] for JDBC transaction
20:06:27 DEBUG ceTransactionManager Switching JDBC Connection [conn6: url=jdbc:h2:mem:test-db user=SA] to manual commit
20:06:27 INFO  TransactionContext   Began transaction (1) for test context [DefaultTestContext@1702830d testClass = DaoUserJDBCIT, testInstance = com.epam.brest.dao.DaoUserJDBCIT@73d4066e, testMethod = testDelete@DaoUserJDBCIT, testException = [null], mergedContextConfiguration = [MergedContextConfiguration@6a937336 testClass = DaoUserJDBCIT, locations = '{classpath*:test-db.xml, classpath*:test-jdbc-conf.xml}', classes = '{}', contextInitializerClasses = '[]', activeProfiles = '{}', propertySourceLocations = '{}', propertySourceProperties = '{}', contextCustomizers = set[[empty]], contextLoader = 'org.springframework.test.context.support.DelegatingSmartContextLoader', parent = [null]], attributes = map['org.springframework.test.context.event.ApplicationEventsTestExecutionListener.recordApplicationEvents' -> false]]; transaction manager [org.springframework.jdbc.datasource.DataSourceTransactionManager@18acfe88]; rollback [true]
20:06:27 DEBUG ontextLoaderDelegate Retrieved ApplicationContext [758465579] from cache with key [[MergedContextConfiguration@6a937336 testClass = DaoUserJDBCIT, locations = '{classpath*:test-db.xml, classpath*:test-jdbc-conf.xml}', classes = '{}', contextInitializerClasses = '[]', activeProfiles = '{}', propertySourceLocations = '{}', propertySourceProperties = '{}', contextCustomizers = set[[empty]], contextLoader = 'org.springframework.test.context.support.DelegatingSmartContextLoader', parent = [null]]]
20:06:27 DEBUG DefaultContextCache  Spring test ApplicationContext cache statistics: [DefaultContextCache@3f049056 size = 1, maxSize = 32, parentContextCount = 0, hitCount = 46, missCount = 1]
20:06:27 DEBUG ontextLoaderDelegate Retrieved ApplicationContext [758465579] from cache with key [[MergedContextConfiguration@6a937336 testClass = DaoUserJDBCIT, locations = '{classpath*:test-db.xml, classpath*:test-jdbc-conf.xml}', classes = '{}', contextInitializerClasses = '[]', activeProfiles = '{}', propertySourceLocations = '{}', propertySourceProperties = '{}', contextCustomizers = set[[empty]], contextLoader = 'org.springframework.test.context.support.DelegatingSmartContextLoader', parent = [null]]]
20:06:27 DEBUG DefaultContextCache  Spring test ApplicationContext cache statistics: [DefaultContextCache@3f049056 size = 1, maxSize = 32, parentContextCount = 0, hitCount = 47, missCount = 1]
20:06:27 DEBUG DaoUserJDBCIT        Execute test: delete({id})
20:06:27 DEBUG JdbcTemplate         Executing prepared SQL query
20:06:27 DEBUG JdbcTemplate         Executing prepared SQL statement [select d.id, d.name, d.login, d.password, d.email from user d order by d.name]
20:06:27 DEBUG JdbcTemplate         Executing prepared SQL update
20:06:27 DEBUG JdbcTemplate         Executing prepared SQL statement [delete from user where id=?]
20:06:27 DEBUG JdbcTemplate         Executing prepared SQL query
20:06:27 DEBUG JdbcTemplate         Executing prepared SQL statement [select d.id, d.name, d.login, d.password, d.email from user d order by d.name]
20:06:27 DEBUG ontextLoaderDelegate Retrieved ApplicationContext [758465579] from cache with key [[MergedContextConfiguration@6a937336 testClass = DaoUserJDBCIT, locations = '{classpath*:test-db.xml, classpath*:test-jdbc-conf.xml}', classes = '{}', contextInitializerClasses = '[]', activeProfiles = '{}', propertySourceLocations = '{}', propertySourceProperties = '{}', contextCustomizers = set[[empty]], contextLoader = 'org.springframework.test.context.support.DelegatingSmartContextLoader', parent = [null]]]
20:06:27 DEBUG DefaultContextCache  Spring test ApplicationContext cache statistics: [DefaultContextCache@3f049056 size = 1, maxSize = 32, parentContextCount = 0, hitCount = 48, missCount = 1]
20:06:27 DEBUG ontextLoaderDelegate Retrieved ApplicationContext [758465579] from cache with key [[MergedContextConfiguration@6a937336 testClass = DaoUserJDBCIT, locations = '{classpath*:test-db.xml, classpath*:test-jdbc-conf.xml}', classes = '{}', contextInitializerClasses = '[]', activeProfiles = '{}', propertySourceLocations = '{}', propertySourceProperties = '{}', contextCustomizers = set[[empty]], contextLoader = 'org.springframework.test.context.support.DelegatingSmartContextLoader', parent = [null]]]
20:06:27 DEBUG DefaultContextCache  Spring test ApplicationContext cache statistics: [DefaultContextCache@3f049056 size = 1, maxSize = 32, parentContextCount = 0, hitCount = 49, missCount = 1]
20:06:27 DEBUG rmTransactionManager Initiating transaction rollback
20:06:27 DEBUG ceTransactionManager Rolling back JDBC transaction on Connection [conn6: url=jdbc:h2:mem:test-db user=SA]
20:06:27 DEBUG ceTransactionManager Releasing JDBC Connection [conn6: url=jdbc:h2:mem:test-db user=SA] after transaction
20:06:27 INFO  TransactionContext   Rolled back transaction for test: [DefaultTestContext@1702830d testClass = DaoUserJDBCIT, testInstance = com.epam.brest.dao.DaoUserJDBCIT@73d4066e, testMethod = testDelete@DaoUserJDBCIT, testException = [null], mergedContextConfiguration = [MergedContextConfiguration@6a937336 testClass = DaoUserJDBCIT, locations = '{classpath*:test-db.xml, classpath*:test-jdbc-conf.xml}', classes = '{}', contextInitializerClasses = '[]', activeProfiles = '{}', propertySourceLocations = '{}', propertySourceProperties = '{}', contextCustomizers = set[[empty]], contextLoader = 'org.springframework.test.context.support.DelegatingSmartContextLoader', parent = [null]], attributes = map['org.springframework.test.context.event.ApplicationEventsTestExecutionListener.recordApplicationEvents' -> false]]
20:06:27 DEBUG estExecutionListener After test method: context [DefaultTestContext@1702830d testClass = DaoUserJDBCIT, testInstance = com.epam.brest.dao.DaoUserJDBCIT@73d4066e, testMethod = testDelete@DaoUserJDBCIT, testException = [null], mergedContextConfiguration = [MergedContextConfiguration@6a937336 testClass = DaoUserJDBCIT, locations = '{classpath*:test-db.xml, classpath*:test-jdbc-conf.xml}', classes = '{}', contextInitializerClasses = '[]', activeProfiles = '{}', propertySourceLocations = '{}', propertySourceProperties = '{}', contextCustomizers = set[[empty]], contextLoader = 'org.springframework.test.context.support.DelegatingSmartContextLoader', parent = [null]], attributes = map['org.springframework.test.context.event.ApplicationEventsTestExecutionListener.recordApplicationEvents' -> false]], class annotated with @DirtiesContext [false] with mode [null], method annotated with @DirtiesContext [false] with mode [null].
]]></system-out>
  </testcase>
</testsuite>